<?xml version="1.0" encoding="UTF-8"?>
<!-- Generated by org.testng.reporters.JUnitXMLReporter -->
<testsuite hostname="VishalKumar-Ja" ignored="3" name="Default test" tests="1" failures="0" timestamp="2020-07-24T20:46:09 IST" time="2.845" errors="0">
  <testcase name="getListofUsers3" time="2.817" classname="com.jmeterapi.projectone.TestClass2"/>
  <testcase name="getListofUsers" time="0.0" classname="com.jmeterapi.projectone.TestClass2">
    <ignored/>
  </testcase> <!-- getListofUsers -->
  <testcase name="getListofUsers1" time="0.0" classname="com.jmeterapi.projectone.TestClass2">
    <ignored/>
  </testcase> <!-- getListofUsers1 -->
  <testcase name="getListofUsers2" time="0.0" classname="com.jmeterapi.projectone.TestClass2">
    <ignored/>
  </testcase> <!-- getListofUsers2 -->
</testsuite> <!-- Default test -->
